============================================================
2025-08-11 18:01:39,596 - INFO - Scroll 3: 20 listings visible.
2025-08-11 18:01:39,596 - INFO - ⏹ No new results loaded.
2025-08-11 18:01:39,606 - INFO - Total cards found: 20
2025-08-11 18:01:41,188 - INFO - Results saved to C:\Users\shari\scraper_project\static\colleges_in_haryana_google_maps_110825_180052.csv
2025-08-11 18:01:42,458 - INFO - Results saved to C:\Users\shari\scraper_project\static\colleges_in_haryana_google_maps_110825_180040.csv
2025-08-11 18:01:56,708 - INFO - Results saved to C:\Users\shari\scraper_project\static\colleges_in_haryana_google_maps_110825_180121.csv
2025-08-11 18:15:20,319 - INFO - Starting Google Maps scraper for: temples
2025-08-11 18:15:20,319 - INFO - Received limit: None
2025-08-11 18:15:32,595 - INFO - Waiting for listings container to load...
2025-08-11 18:15:32,737 - INFO - Scrolling to load listings...
2025-08-11 18:15:33,379 - INFO - Listings visible: 12
2025-08-11 18:15:33,940 - INFO - Listings visible: 18
2025-08-11 18:15:34,544 - INFO - Listings visible: 20
2025-08-11 18:15:35,087 - INFO - Listings visible: 20
2025-08-11 18:15:35,628 - INFO - Listings visible: 20
2025-08-11 18:15:35,628 - INFO - ⏹ No new results loaded.
2025-08-11 18:15:35,634 - INFO - Total cards found: 20
2025-08-11 18:15:36,476 - INFO - Results saved to C:\Users\shari\scraper_project\static\temples_google_maps_110825_181510.csv
2025-08-12 09:53:42,009 - INFO - Starting Google Maps scraper for: temples
2025-08-12 09:53:42,010 - INFO - Received limit: None
2025-08-12 09:53:46,014 - INFO - Starting Google Maps scraper for: temples
2025-08-12 09:53:46,015 - INFO - Received limit: None
2025-08-12 09:53:47,804 - INFO - Starting Google Maps scraper for: temples
2025-08-12 09:53:47,805 - INFO - Received limit: None
2025-08-12 09:53:57,658 - INFO - Waiting for listings container to load...
2025-08-12 09:53:57,761 - INFO - Scrolling to load listings...
2025-08-12 09:53:58,402 - INFO - Listings visible: 12
2025-08-12 09:53:59,226 - INFO - Listings visible: 18
2025-08-12 09:53:59,817 - INFO - Listings visible: 20
2025-08-12 09:54:00,378 - INFO - Listings visible: 20
2025-08-12 09:54:01,178 - INFO - Listings visible: 20
2025-08-12 09:54:01,178 - INFO - ⏹ No new results loaded.
2025-08-12 09:54:01,185 - INFO - Total cards found: 20
2025-08-12 09:54:01,411 - INFO - Waiting for listings container to load...
2025-08-12 09:54:01,488 - INFO - Scrolling to load listings...
2025-08-12 09:54:02,456 - INFO - Listings visible: 12
2025-08-12 09:54:02,994 - INFO - Listings visible: 18
2025-08-12 09:54:03,695 - INFO - Listings visible: 20
2025-08-12 09:54:04,251 - INFO - Listings visible: 20
2025-08-12 09:54:04,300 - INFO - Waiting for listings container to load...
2025-08-12 09:54:04,382 - INFO - Scrolling to load listings...
2025-08-12 09:54:04,799 - INFO - Results saved to C:\Users\shari\scraper_project\static\temples_google_maps_120825_095342.csv
2025-08-12 09:54:05,185 - INFO - Listings visible: 12
2025-08-12 09:54:06,153 - INFO - Listings visible: 20
2025-08-12 09:54:06,153 - INFO - ⏹ No new results loaded.
2025-08-12 09:54:06,220 - INFO - Listings visible: 18
2025-08-12 09:54:06,247 - INFO - Total cards found: 26
2025-08-12 09:54:06,921 - INFO - Listings visible: 20
2025-08-12 09:54:07,259 - INFO - Results saved to C:\Users\shari\scraper_project\static\temples_google_maps_120825_095338.csv
2025-08-12 09:54:07,466 - INFO - Listings visible: 20
2025-08-12 09:54:08,026 - INFO - Listings visible: 20
2025-08-12 09:54:08,026 - INFO - ⏹ No new results loaded.
2025-08-12 09:54:08,033 - INFO - Total cards found: 20
2025-08-12 09:54:08,874 - INFO - Results saved to C:\Users\shari\scraper_project\static\temples_google_maps_120825_095344.csv
2025-08-12 09:54:23,872 - INFO - Starting Google Maps scraper for: temples
2025-08-12 09:54:23,873 - INFO - Received limit: None
2025-08-12 09:54:29,415 - INFO - Waiting for listings container to load...
2025-08-12 09:54:29,486 - INFO - Scrolling to load listings...
2025-08-12 09:54:30,062 - INFO - Listings visible: 12
2025-08-12 09:54:30,952 - INFO - Listings visible: 18
2025-08-12 09:54:31,575 - INFO - Listings visible: 20
2025-08-12 09:54:32,170 - INFO - Listings visible: 20
2025-08-12 09:54:32,772 - INFO - Listings visible: 20
2025-08-12 09:54:32,773 - INFO - ⏹ No new results loaded.
2025-08-12 09:54:32,779 - INFO - Total cards found: 20
2025-08-12 09:54:34,197 - INFO - Results saved to C:\Users\shari\scraper_project\static\temples_google_maps_120825_095420.csv
2025-08-12 09:55:09,076 - INFO - Starting Google Maps scraper for: colleges in pune
2025-08-12 09:55:09,077 - INFO - Received limit: 5
2025-08-12 09:55:14,338 - INFO - Waiting for listings container to load...
2025-08-12 09:55:14,492 - INFO - Scrolling to load listings...
2025-08-12 09:55:15,047 - INFO - Listings visible: 16
2025-08-12 09:55:15,047 - INFO - Reached desired limit of 5.
2025-08-12 09:55:15,058 - INFO - Total cards found: 16
2025-08-12 09:55:15,429 - INFO - Results saved to C:\Users\shari\scraper_project\static\colleges_in_pune_google_maps_120825_095505.csv
2025-08-12 11:31:03,779 - INFO - Starting Google Maps scraper for: temples
2025-08-12 11:31:03,782 - INFO - Received limit: None
2025-08-12 11:31:09,152 - INFO - Waiting for listings container to load...
2025-08-12 11:31:09,239 - INFO - Scrolling to load listings...
2025-08-12 11:31:09,846 - INFO - Listings visible: 12
2025-08-12 11:31:10,439 - INFO - Listings visible: 18
2025-08-12 11:31:11,103 - INFO - Listings visible: 20
2025-08-12 11:31:11,693 - INFO - Listings visible: 20
2025-08-12 11:31:12,270 - INFO - Listings visible: 26
2025-08-12 11:31:12,868 - INFO - Listings visible: 32
2025-08-12 11:31:13,456 - INFO - Listings visible: 38
2025-08-12 11:31:14,018 - INFO - Listings visible: 40
2025-08-12 11:31:14,591 - INFO - Listings visible: 40
2025-08-12 11:31:15,145 - INFO - Listings visible: 46
2025-08-12 11:31:15,841 - INFO - Listings visible: 52
2025-08-12 11:31:16,474 - INFO - Listings visible: 58
2025-08-12 11:31:17,044 - INFO - Listings visible: 60
2025-08-12 11:31:17,602 - INFO - Listings visible: 60
2025-08-12 11:31:18,166 - INFO - Listings visible: 66
2025-08-12 11:31:18,798 - INFO - Listings visible: 72
2025-08-12 11:31:19,412 - INFO - Listings visible: 78
2025-08-12 11:31:19,981 - INFO - Listings visible: 78
2025-08-12 11:31:20,534 - INFO - Listings visible: 78
2025-08-12 11:31:20,534 - INFO - ⏹ No new results loaded.
2025-08-12 11:31:20,545 - INFO - Total cards found: 78
2025-08-12 11:31:23,253 - INFO - Results saved to C:\Users\shari\scraper_project\static\temples_google_maps_120825_113100.csv
2025-08-12 11:31:32,362 - INFO - Starting Google Maps scraper for: temples
2025-08-12 11:31:32,363 - INFO - Received limit: None
2025-08-12 11:31:36,931 - INFO - Waiting for listings container to load...
2025-08-12 11:31:37,123 - INFO - Scrolling to load listings...
2025-08-12 11:31:37,716 - INFO - Listings visible: 12
2025-08-12 11:31:38,273 - INFO - Listings visible: 18
2025-08-12 11:31:38,921 - INFO - Listings visible: 20
2025-08-12 11:31:39,522 - INFO - Listings visible: 20
2025-08-12 11:31:40,158 - INFO - Listings visible: 26
2025-08-12 11:31:40,857 - INFO - Listings visible: 32
2025-08-12 11:31:41,416 - INFO - Listings visible: 38
2025-08-12 11:31:42,041 - INFO - Listings visible: 40
2025-08-12 11:31:42,600 - INFO - Listings visible: 40
2025-08-12 11:31:43,202 - INFO - Listings visible: 46
2025-08-12 11:31:43,775 - INFO - Listings visible: 52
2025-08-12 11:31:44,851 - INFO - Listings visible: 58
2025-08-12 11:31:45,686 - INFO - Listings visible: 60
2025-08-12 11:31:46,329 - INFO - Listings visible: 60
2025-08-12 11:31:46,948 - INFO - Listings visible: 66
2025-08-12 11:31:47,610 - INFO - Listings visible: 72
2025-08-12 11:31:48,201 - INFO - Listings visible: 72
2025-08-12 11:31:48,799 - INFO - Listings visible: 72
2025-08-12 11:31:48,799 - INFO - ⏹ No new results loaded.
2025-08-12 11:31:48,808 - INFO - Total cards found: 72
2025-08-12 11:31:50,949 - INFO - Results saved to C:\Users\shari\scraper_project\static\temples_google_maps_120825_113128.csv
2025-08-12 11:32:35,248 - INFO - Starting Google Maps scraper for: colleges in pune
2025-08-12 11:32:35,249 - INFO - Received limit: 5
2025-08-12 11:32:40,313 - INFO - Waiting for listings container to load...
2025-08-12 11:32:40,404 - INFO - Scrolling to load listings...
2025-08-12 11:32:40,970 - INFO - Listings visible: 16
2025-08-12 11:32:40,970 - INFO - Reached desired limit of 5.
2025-08-12 11:32:40,979 - INFO - Total cards found: 16
2025-08-12 11:32:41,748 - INFO - Results saved to C:\Users\shari\scraper_project\static\colleges_in_pune_google_maps_120825_113231.csv
2025-08-12 11:52:58,012 - INFO - Starting Google Maps scraper for: headphone
2025-08-12 11:52:58,014 - INFO - Received limit: None
2025-08-12 11:53:02,298 - INFO - Waiting for listings container to load...
2025-08-12 11:53:02,352 - INFO - Scrolling to load listings...
2025-08-12 11:53:02,894 - INFO - Listings visible: 12
2025-08-12 11:53:03,502 - INFO - Listings visible: 18
2025-08-12 11:53:04,102 - INFO - Listings visible: 20
2025-08-12 11:53:04,666 - INFO - Listings visible: 20
2025-08-12 11:53:05,280 - INFO - Listings visible: 20
2025-08-12 11:53:05,280 - INFO - ⏹ No new results loaded.
2025-08-12 11:53:05,341 - INFO - Total cards found: 20
2025-08-12 11:53:06,661 - INFO - Results saved to C:\Users\shari\scraper_project\static\headphone_google_maps_120825_115255.csv
2025-08-12 11:53:07,736 - INFO - Starting Google Maps scraper for: temples
2025-08-12 11:53:07,737 - INFO - Received limit: None
2025-08-12 11:53:11,583 - INFO - Waiting for listings container to load...
2025-08-12 11:53:11,671 - INFO - Scrolling to load listings...
2025-08-12 11:53:12,290 - INFO - Listings visible: 12
2025-08-12 11:53:12,964 - INFO - Listings visible: 18
2025-08-12 11:53:13,609 - INFO - Listings visible: 20
2025-08-12 11:53:14,160 - INFO - Listings visible: 20
2025-08-12 11:53:14,709 - INFO - Listings visible: 26
2025-08-12 11:53:15,247 - INFO - Listings visible: 32
2025-08-12 11:53:15,802 - INFO - Listings visible: 38
2025-08-12 11:53:16,376 - INFO - Listings visible: 40
2025-08-12 11:53:16,925 - INFO - Listings visible: 40
2025-08-12 11:53:17,488 - INFO - Listings visible: 46
2025-08-12 11:53:18,219 - INFO - Listings visible: 52
2025-08-12 11:53:18,768 - INFO - Listings visible: 58
2025-08-12 11:53:19,342 - INFO - Listings visible: 60
2025-08-12 11:53:19,904 - INFO - Listings visible: 60
2025-08-12 11:53:20,460 - INFO - Listings visible: 66
2025-08-12 11:53:21,060 - INFO - Listings visible: 66
2025-08-12 11:53:21,619 - INFO - Listings visible: 72
2025-08-12 11:53:22,201 - INFO - Listings visible: 72
2025-08-12 11:53:22,770 - INFO - Listings visible: 72
2025-08-12 11:53:22,770 - INFO - ⏹ No new results loaded.
2025-08-12 11:53:22,785 - INFO - Total cards found: 72
2025-08-12 11:53:25,427 - INFO - Results saved to C:\Users\shari\scraper_project\static\temples_google_maps_120825_115304.csv
2025-08-12 12:20:41,294 - INFO - Starting Google Maps scraper for: colleges in delhi
2025-08-12 12:20:41,298 - INFO - Received limit: 5
2025-08-12 12:20:45,196 - INFO - Waiting for listings container to load...
2025-08-12 12:20:45,312 - INFO - Scrolling to load listings...
2025-08-12 12:20:45,935 - INFO - Listings visible: 16
2025-08-12 12:20:45,935 - INFO - Reached desired limit of 5.
2025-08-12 12:20:45,961 - INFO - Total cards found: 16
2025-08-12 12:20:46,185 - INFO - Results saved to C:\Users\shari\scraper_project\static\colleges_in_delhi_google_maps_120825_122039.csv
2025-08-12 12:20:59,335 - INFO - Starting Google Maps scraper for: colleges in pune
2025-08-12 12:20:59,336 - INFO - Received limit: None
2025-08-12 12:21:03,429 - INFO - Waiting for listings container to load...
2025-08-12 12:21:03,543 - INFO - Scrolling to load listings...
2025-08-12 12:21:04,128 - INFO - Listings visible: 16
2025-08-12 12:21:04,733 - INFO - Listings visible: 20
2025-08-12 12:21:05,329 - INFO - Listings visible: 20
2025-08-12 12:21:05,951 - INFO - Listings visible: 28
2025-08-12 12:21:06,541 - INFO - Listings visible: 36
2025-08-12 12:21:07,090 - INFO - Listings visible: 40
2025-08-12 12:21:07,670 - INFO - Listings visible: 40
2025-08-12 12:21:08,250 - INFO - Listings visible: 48
2025-08-12 12:21:08,814 - INFO - Listings visible: 56
2025-08-12 12:21:09,510 - INFO - Listings visible: 60
2025-08-12 12:21:10,116 - INFO - Listings visible: 60
2025-08-12 12:21:10,968 - INFO - Listings visible: 68
2025-08-12 12:21:11,561 - INFO - Listings visible: 76
2025-08-12 12:21:12,160 - INFO - Listings visible: 80
2025-08-12 12:21:12,742 - INFO - Listings visible: 80
2025-08-12 12:21:13,292 - INFO - Listings visible: 80
2025-08-12 12:21:13,293 - INFO - ⏹ No new results loaded.
2025-08-12 12:21:13,316 - INFO - Total cards found: 80
2025-08-12 12:21:16,877 - INFO - Results saved to C:\Users\shari\scraper_project\static\colleges_in_pune_google_maps_120825_122057.csv
2025-08-12 13:22:28,646 - INFO - Starting Google Maps scraper for: dhaba in murthal
2025-08-12 13:22:28,647 - INFO - Received limit: 5
2025-08-12 13:22:45,151 - INFO - Waiting for listings container to load...
2025-08-12 13:22:45,271 - INFO - Scrolling to load listings...
2025-08-12 13:22:45,855 - INFO - Listings visible: 12
2025-08-12 13:22:45,855 - INFO - Reached desired limit of 5.
2025-08-12 13:22:45,866 - INFO - Total cards found: 12
2025-08-12 13:22:46,416 - INFO - Results saved to C:\Users\shari\scraper_project\static\dhaba_in_murthal_google_maps_120825_132224.csv
2025-08-12 13:22:47,673 - INFO - Starting Google Maps scraper for: dhaba in murthal
2025-08-12 13:22:47,673 - INFO - Received limit: 5
2025-08-12 13:22:51,894 - INFO - Starting Google Maps scraper for: dhaba in murthal
2025-08-12 13:22:51,894 - INFO - Received limit: 5
2025-08-12 13:22:53,609 - INFO - Waiting for listings container to load...
2025-08-12 13:22:53,756 - INFO - Scrolling to load listings...
2025-08-12 13:22:54,365 - INFO - Listings visible: 12
2025-08-12 13:22:54,365 - INFO - Reached desired limit of 5.
2025-08-12 13:22:54,379 - INFO - Total cards found: 12
2025-08-12 13:22:55,128 - INFO - Results saved to C:\Users\shari\scraper_project\static\dhaba_in_murthal_google_maps_120825_132239.csv
2025-08-12 13:22:59,790 - INFO - Waiting for listings container to load...
2025-08-12 13:22:59,904 - INFO - Scrolling to load listings...
2025-08-12 13:23:00,676 - INFO - Listings visible: 12
2025-08-12 13:23:00,676 - INFO - Reached desired limit of 5.
2025-08-12 13:23:00,739 - INFO - Total cards found: 12
2025-08-12 13:23:01,273 - INFO - Results saved to C:\Users\shari\scraper_project\static\dhaba_in_murthal_google_maps_120825_132247.csv
2025-08-12 13:36:12,363 - INFO - Starting Google Maps scraper for: airports
2025-08-12 13:36:12,365 - INFO - Received limit: None
2025-08-12 13:36:15,673 - INFO - Waiting for listings container to load...
2025-08-12 13:36:15,760 - INFO - Scrolling to load listings...
2025-08-12 13:36:16,316 - INFO - Listings visible: 16
2025-08-12 13:36:16,948 - INFO - Listings visible: 20
2025-08-12 13:36:17,558 - INFO - Listings visible: 20
2025-08-12 13:36:18,099 - INFO - Listings visible: 20
2025-08-12 13:36:18,099 - INFO - ⏹ No new results loaded.
2025-08-12 13:36:18,114 - INFO - Total cards found: 20
2025-08-12 13:36:18,930 - INFO - Results saved to C:\Users\shari\scraper_project\static\airports_google_maps_120825_133610.csv
2025-08-12 13:38:53,560 - INFO - Starting Google Maps scraper for: airports
2025-08-12 13:38:53,561 - INFO - Received limit: None
2025-08-12 13:38:57,326 - INFO - Waiting for listings container to load...
2025-08-12 13:38:57,453 - INFO - Scrolling to load listings...
2025-08-12 13:38:58,025 - INFO - Listings visible: 16
2025-08-12 13:38:58,613 - INFO - Listings visible: 20
2025-08-12 13:38:59,263 - INFO - Listings visible: 20
2025-08-12 13:38:59,859 - INFO - Listings visible: 20
2025-08-12 13:38:59,859 - INFO - ⏹ No new results loaded.
2025-08-12 13:38:59,875 - INFO - Total cards found: 20
2025-08-12 13:39:00,349 - INFO - Results saved to C:\Users\shari\scraper_project\static\airports_google_maps_120825_133851.csv
2025-08-12 13:42:37,632 - INFO - Starting Google Maps scraper for: airports
2025-08-12 13:42:37,633 - INFO - Received limit: None
2025-08-12 13:42:42,202 - INFO - Waiting for listings container to load...
2025-08-12 13:42:42,291 - INFO - Scrolling to load listings...
2025-08-12 13:42:42,973 - INFO - Listings visible: 16
2025-08-12 13:42:43,634 - INFO - Listings visible: 20
2025-08-12 13:42:44,400 - INFO - Listings visible: 20
2025-08-12 13:42:45,045 - INFO - Listings visible: 28
2025-08-12 13:42:45,676 - INFO - Listings visible: 36
2025-08-12 13:42:46,512 - INFO - Listings visible: 40
2025-08-12 13:42:47,522 - INFO - Listings visible: 40
2025-08-12 13:42:48,775 - INFO - Listings visible: 56
2025-08-12 13:42:49,425 - INFO - Listings visible: 60
2025-08-12 13:42:50,091 - INFO - Listings visible: 60
2025-08-12 13:42:50,733 - INFO - Listings visible: 68
2025-08-12 13:42:51,384 - INFO - Listings visible: 76
2025-08-12 13:42:52,066 - INFO - Listings visible: 80
2025-08-12 13:42:52,752 - INFO - Listings visible: 80
2025-08-12 13:42:53,397 - INFO - Listings visible: 88
2025-08-12 13:42:54,339 - INFO - Listings visible: 96
2025-08-12 13:42:55,050 - INFO - Listings visible: 100
2025-08-12 13:42:55,691 - INFO - Listings visible: 100
2025-08-12 13:42:56,402 - INFO - Listings visible: 108
2025-08-12 13:42:57,234 - INFO - Listings visible: 116
2025-08-12 13:42:57,910 - INFO - Listings visible: 120
2025-08-12 13:42:58,543 - INFO - Listings visible: 120
2025-08-12 13:42:59,178 - INFO - Listings visible: 120
2025-08-12 13:42:59,178 - INFO - ⏹ No new results loaded.
2025-08-12 13:42:59,179 - INFO - Collecting listing count...
2025-08-12 13:42:59,185 - INFO - Total cards found: 120
2025-08-12 13:42:59,185 - INFO - Will iterate over 120 cards (limit=None).
2025-08-12 13:43:32,169 - WARNING - ⚠️ Failed to extract listing 2: Locator.get_attribute: Timeout 30000ms exceeded.
Call log:
  - waiting for locator("a.hfpxzc").nth(1)

2025-08-12 13:44:02,188 - WARNING - ⚠️ Failed to extract listing 3: Locator.get_attribute: Timeout 30000ms exceeded.
Call log:
  - waiting for locator("a.hfpxzc").nth(2)

2025-08-12 13:44:32,204 - WARNING - ⚠️ Failed to extract listing 4: Locator.get_attribute: Timeout 30000ms exceeded.
Call log:
  - waiting for locator("a.hfpxzc").nth(3)

2025-08-12 13:45:02,218 - WARNING - ⚠️ Failed to extract listing 5: Locator.get_attribute: Timeout 30000ms exceeded.
Call log:
  - waiting for locator("a.hfpxzc").nth(4)

2025-08-12 13:45:32,231 - WARNING - ⚠️ Failed to extract listing 6: Locator.get_attribute: Timeout 30000ms exceeded.
Call log:
  - waiting for locator("a.hfpxzc").nth(5)

2025-08-12 13:46:02,261 - WARNING - ⚠️ Failed to extract listing 7: Locator.get_attribute: Timeout 30000ms exceeded.
Call log:
  - waiting for locator("a.hfpxzc").nth(6)

2025-08-12 13:46:32,279 - WARNING - ⚠️ Failed to extract listing 8: Locator.get_attribute: Timeout 30000ms exceeded.
Call log:
  - waiting for locator("a.hfpxzc").nth(7)

2025-08-12 13:47:02,283 - WARNING - ⚠️ Failed to extract listing 9: Locator.get_attribute: Timeout 30000ms exceeded.
Call log:
  - waiting for locator("a.hfpxzc").nth(8)

2025-08-12 13:47:32,303 - WARNING - ⚠️ Failed to extract listing 10: Locator.get_attribute: Timeout 30000ms exceeded.
Call log:
  - waiting for locator("a.hfpxzc").nth(9)

2025-08-12 13:48:02,314 - WARNING - ⚠️ Failed to extract listing 11: Locator.get_attribute: Timeout 30000ms exceeded.
Call log:
  - waiting for locator("a.hfpxzc").nth(10)

2025-08-12 13:48:32,330 - WARNING - ⚠️ Failed to extract listing 12: Locator.get_attribute: Timeout 30000ms exceeded.
Call log:
  - waiting for locator("a.hfpxzc").nth(11)

2025-08-12 13:49:02,336 - WARNING - ⚠️ Failed to extract listing 13: Locator.get_attribute: Timeout 30000ms exceeded.
Call log:
  - waiting for locator("a.hfpxzc").nth(12)

2025-08-12 13:49:32,344 - WARNING - ⚠️ Failed to extract listing 14: Locator.get_attribute: Timeout 30000ms exceeded.
Call log:
  - waiting for locator("a.hfpxzc").nth(13)

2025-08-12 13:50:02,359 - WARNING - ⚠️ Failed to extract listing 15: Locator.get_attribute: Timeout 30000ms exceeded.
Call log:
  - waiting for locator("a.hfpxzc").nth(14)

2025-08-12 13:50:32,373 - WARNING - ⚠️ Failed to extract listing 16: Locator.get_attribute: Timeout 30000ms exceeded.
Call log:
  - waiting for locator("a.hfpxzc").nth(15)

2025-08-12 13:51:02,390 - WARNING - ⚠️ Failed to extract listing 17: Locator.get_attribute: Timeout 30000ms exceeded.
Call log:
  - waiting for locator("a.hfpxzc").nth(16)

2025-08-12 13:51:32,398 - WARNING - ⚠️ Failed to extract listing 18: Locator.get_attribute: Timeout 30000ms exceeded.
Call log:
  - waiting for locator("a.hfpxzc").nth(17)

2025-08-12 13:52:02,408 - WARNING - ⚠️ Failed to extract listing 19: Locator.get_attribute: Timeout 30000ms exceeded.
Call log:
  - waiting for locator("a.hfpxzc").nth(18)

2025-08-12 13:52:32,421 - WARNING - ⚠️ Failed to extract listing 20: Locator.get_attribute: Timeout 30000ms exceeded.
Call log:
  - waiting for locator("a.hfpxzc").nth(19)

2025-08-12 13:53:02,432 - WARNING - ⚠️ Failed to extract listing 21: Locator.get_attribute: Timeout 30000ms exceeded.
Call log:
  - waiting for locator("a.hfpxzc").nth(20)

2025-08-12 13:53:32,443 - WARNING - ⚠️ Failed to extract listing 22: Locator.get_attribute: Timeout 30000ms exceeded.
Call log:
  - waiting for locator("a.hfpxzc").nth(21)

2025-08-12 13:54:02,454 - WARNING - ⚠️ Failed to extract listing 23: Locator.get_attribute: Timeout 30000ms exceeded.
Call log:
  - waiting for locator("a.hfpxzc").nth(22)

2025-08-12 13:54:32,467 - WARNING - ⚠️ Failed to extract listing 24: Locator.get_attribute: Timeout 30000ms exceeded.
Call log:
  - waiting for locator("a.hfpxzc").nth(23)

2025-08-12 13:54:38,262 - INFO - Starting Google Maps scraper for: bus stops in gurugram
2025-08-12 13:54:38,263 - INFO - Received limit: None
2025-08-12 13:54:39,568 - INFO - Starting Google Maps scraper for: bus stops in gurugram
2025-08-12 13:54:39,569 - INFO - Received limit: None
2025-08-12 13:54:43,388 - INFO - Waiting for listings container to load...
2025-08-12 13:54:43,477 - INFO - Starting auto-scroll to load results...
2025-08-12 13:54:45,747 - INFO - Scroll 1/20 → 16 listings visible
2025-08-12 13:54:46,620 - INFO - Waiting for listings container to load...
2025-08-12 13:54:46,753 - INFO - Starting auto-scroll to load results...
2025-08-12 13:54:47,794 - INFO - Scroll 2/20 → 20 listings visible
2025-08-12 13:54:48,891 - INFO - Scroll 1/20 → 16 listings visible
2025-08-12 13:54:49,842 - INFO - Scroll 3/20 → 28 listings visible
2025-08-12 13:54:50,922 - INFO - Scroll 2/20 → 20 listings visible
2025-08-12 13:54:52,015 - INFO - Scroll 4/20 → 36 listings visible
2025-08-12 13:54:52,955 - INFO - Scroll 3/20 → 28 listings visible
2025-08-12 13:54:54,224 - INFO - Scroll 5/20 → 40 listings visible
2025-08-12 13:54:55,003 - INFO - Scroll 4/20 → 36 listings visible
2025-08-12 13:54:56,250 - INFO - Scroll 6/20 → 48 listings visible
2025-08-12 13:54:57,041 - INFO - Scroll 5/20 → 40 listings visible
2025-08-12 13:54:58,274 - INFO - Scroll 7/20 → 56 listings visible
2025-08-12 13:54:59,088 - INFO - Scroll 6/20 → 48 listings visible
2025-08-12 13:55:00,309 - INFO - Scroll 8/20 → 60 listings visible
2025-08-12 13:55:01,120 - INFO - Scroll 7/20 → 56 listings visible
2025-08-12 13:55:02,348 - INFO - Scroll 9/20 → 68 listings visible
2025-08-12 13:55:02,479 - WARNING - ⚠️ Failed to extract listing 25: Locator.get_attribute: Timeout 30000ms exceeded.
Call log:
  - waiting for locator("a.hfpxzc").nth(24)

2025-08-12 13:55:03,148 - INFO - Scroll 8/20 → 60 listings visible
2025-08-12 13:55:04,415 - INFO - Scroll 10/20 → 76 listings visible
2025-08-12 13:55:05,169 - INFO - Scroll 9/20 → 68 listings visible
2025-08-12 13:55:06,472 - INFO - Scroll 11/20 → 80 listings visible
2025-08-12 13:55:07,191 - INFO - Scroll 10/20 → 76 listings visible
2025-08-12 13:55:08,504 - INFO - Scroll 12/20 → 88 listings visible
2025-08-12 13:55:09,223 - INFO - Scroll 11/20 → 80 listings visible
2025-08-12 13:55:10,559 - INFO - Scroll 13/20 → 96 listings visible
2025-08-12 13:55:11,250 - INFO - Scroll 12/20 → 88 listings visible
2025-08-12 13:55:12,621 - INFO - Scroll 14/20 → 100 listings visible
2025-08-12 13:55:13,279 - INFO - Scroll 13/20 → 96 listings visible
2025-08-12 13:55:14,649 - INFO - Scroll 15/20 → 108 listings visible
2025-08-12 13:55:15,315 - INFO - Scroll 14/20 → 100 listings visible
2025-08-12 13:55:16,792 - INFO - Scroll 16/20 → 116 listings visible
2025-08-12 13:55:17,348 - INFO - Scroll 15/20 → 108 listings visible
2025-08-12 13:55:18,890 - INFO - Scroll 17/20 → 118 listings visible
2025-08-12 13:55:19,383 - INFO - Scroll 16/20 → 116 listings visible
2025-08-12 13:55:20,914 - INFO - Scroll 18/20 → 118 listings visible
2025-08-12 13:55:20,914 - INFO - No more content loaded after 18 scrolls.
2025-08-12 13:55:20,914 - INFO - Auto-scroll completed.
2025-08-12 13:55:20,921 - INFO - Total cards found: 118
2025-08-12 13:55:21,413 - INFO - Scroll 17/20 → 118 listings visible
2025-08-12 13:55:23,439 - INFO - Scroll 18/20 → 118 listings visible
2025-08-12 13:55:23,440 - INFO - No more content loaded after 18 scrolls.
2025-08-12 13:55:23,440 - INFO - Auto-scroll completed.
2025-08-12 13:55:23,447 - INFO - Total cards found: 118
2025-08-12 13:55:23,779 - INFO - Results saved to C:\Users\shari\scraper_project\static\bus_stops_in_gurugram_google_maps_120825_135435.csv
2025-08-12 13:55:26,951 - INFO - Results saved to C:\Users\shari\scraper_project\static\bus_stops_in_gurugram_google_maps_120825_135436.csv
2025-08-12 13:55:32,492 - WARNING - ⚠️ Failed to extract listing 26: Locator.get_attribute: Timeout 30000ms exceeded.
Call log:
  - waiting for locator("a.hfpxzc").nth(25)

2025-08-12 13:56:02,497 - WARNING - ⚠️ Failed to extract listing 27: Locator.get_attribute: Timeout 30000ms exceeded.
Call log:
  - waiting for locator("a.hfpxzc").nth(26)

2025-08-12 13:56:32,510 - WARNING - ⚠️ Failed to extract listing 28: Locator.get_attribute: Timeout 30000ms exceeded.
Call log:
  - waiting for locator("a.hfpxzc").nth(27)

2025-08-12 13:57:02,527 - WARNING - ⚠️ Failed to extract listing 29: Locator.get_attribute: Timeout 30000ms exceeded.
Call log:
  - waiting for locator("a.hfpxzc").nth(28)

2025-08-12 13:57:32,546 - WARNING - ⚠️ Failed to extract listing 30: Locator.get_attribute: Timeout 30000ms exceeded.
Call log:
  - waiting for locator("a.hfpxzc").nth(29)

2025-08-12 13:58:02,560 - WARNING - ⚠️ Failed to extract listing 31: Locator.get_attribute: Timeout 30000ms exceeded.
Call log:
  - waiting for locator("a.hfpxzc").nth(30)

2025-08-12 13:58:32,574 - WARNING - ⚠️ Failed to extract listing 32: Locator.get_attribute: Timeout 30000ms exceeded.
Call log:
  - waiting for locator("a.hfpxzc").nth(31)

2025-08-12 13:58:54,305 - INFO - Starting Google Maps scraper for: railway station
2025-08-12 13:58:57,714 - INFO - Waiting for listings container...
2025-08-12 13:58:57,755 - INFO - Starting auto-scroll to load all results...
2025-08-12 13:59:00,001 - INFO - Scroll 1/30 → 16 listings loaded.
2025-08-12 13:59:02,323 - INFO - Scroll 2/30 → 18 listings loaded.
2025-08-12 13:59:02,582 - WARNING - ⚠️ Failed to extract listing 33: Locator.get_attribute: Timeout 30000ms exceeded.
Call log:
  - waiting for locator("a.hfpxzc").nth(32)

2025-08-12 13:59:04,345 - INFO - No more new results after 3 scrolls.
2025-08-12 13:59:04,345 - INFO - Auto-scroll completed.
2025-08-12 13:59:04,350 - INFO - Total cards found: 18
2025-08-12 13:59:04,507 - INFO - Results saved to C:\Users\shari\scraper_project\static\railway_station_google_maps_120825_135852.csv
2025-08-12 13:59:32,604 - WARNING - ⚠️ Failed to extract listing 34: Locator.get_attribute: Timeout 30000ms exceeded.
Call log:
  - waiting for locator("a.hfpxzc").nth(33)

2025-08-12 14:00:02,620 - WARNING - ⚠️ Failed to extract listing 35: Locator.get_attribute: Timeout 30000ms exceeded.
Call log:
  - waiting for locator("a.hfpxzc").nth(34)

2025-08-12 14:00:32,641 - WARNING - ⚠️ Failed to extract listing 36: Locator.get_attribute: Timeout 30000ms exceeded.
Call log:
  - waiting for locator("a.hfpxzc").nth(35)

2025-08-12 14:01:02,674 - WARNING - ⚠️ Failed to extract listing 37: Locator.get_attribute: Timeout 30000ms exceeded.
Call log:
  - waiting for locator("a.hfpxzc").nth(36)

2025-08-12 14:01:25,577 - INFO - Starting Google Maps scraper for: temples
2025-08-12 14:01:28,809 - INFO - Waiting for listings container...
2025-08-12 14:01:28,883 - INFO - Starting auto-scroll to load all results...
2025-08-12 14:01:30,943 - INFO - Scroll 1/30 → 12 listings loaded.
2025-08-12 14:01:32,681 - WARNING - ⚠️ Failed to extract listing 38: Locator.get_attribute: Timeout 30000ms exceeded.
Call log:
  - waiting for locator("a.hfpxzc").nth(37)

2025-08-12 14:01:32,987 - INFO - Scroll 2/30 → 18 listings loaded.
2025-08-12 14:01:35,031 - INFO - Scroll 3/30 → 20 listings loaded.
2025-08-12 14:01:37,073 - INFO - Scroll 4/30 → 26 listings loaded.
2025-08-12 14:01:39,113 - INFO - Scroll 5/30 → 32 listings loaded.
2025-08-12 14:01:41,157 - INFO - Scroll 6/30 → 38 listings loaded.
2025-08-12 14:01:43,197 - INFO - Scroll 7/30 → 40 listings loaded.
2025-08-12 14:01:45,246 - INFO - Scroll 8/30 → 46 listings loaded.
2025-08-12 14:01:47,296 - INFO - Scroll 9/30 → 52 listings loaded.
2025-08-12 14:01:49,355 - INFO - Scroll 10/30 → 58 listings loaded.
2025-08-12 14:01:51,388 - INFO - Scroll 11/30 → 60 listings loaded.
2025-08-12 14:01:53,450 - INFO - Scroll 12/30 → 66 listings loaded.
2025-08-12 14:01:55,525 - INFO - Scroll 13/30 → 72 listings loaded.
2025-08-12 14:01:57,562 - INFO - Scroll 14/30 → 78 listings loaded.
2025-08-12 14:01:59,607 - INFO - Scroll 15/30 → 80 listings loaded.
2025-08-12 14:02:01,647 - INFO - Scroll 16/30 → 86 listings loaded.
2025-08-12 14:02:02,688 - WARNING - ⚠️ Failed to extract listing 39: Locator.get_attribute: Timeout 30000ms exceeded.
Call log:
  - waiting for locator("a.hfpxzc").nth(38)

2025-08-12 14:02:03,722 - INFO - Scroll 17/30 → 92 listings loaded.
2025-08-12 14:02:05,822 - INFO - Scroll 18/30 → 98 listings loaded.
2025-08-12 14:02:07,889 - INFO - Scroll 19/30 → 100 listings loaded.
2025-08-12 14:02:09,937 - INFO - Scroll 20/30 → 106 listings loaded.
2025-08-12 14:02:12,007 - INFO - Scroll 21/30 → 112 listings loaded.
2025-08-12 14:02:14,052 - INFO - Scroll 22/30 → 118 listings loaded.
2025-08-12 14:02:16,097 - INFO - Scroll 23/30 → 120 listings loaded.
2025-08-12 14:02:18,130 - INFO - No more new results after 24 scrolls.
2025-08-12 14:02:18,130 - INFO - Auto-scroll completed.
2025-08-12 14:02:18,144 - INFO - Total cards found: 120
2025-08-12 14:02:21,526 - INFO - Results saved to C:\Users\shari\scraper_project\static\temples_google_maps_120825_140123.csv
2025-08-12 14:02:32,708 - WARNING - ⚠️ Failed to extract listing 40: Locator.get_attribute: Timeout 30000ms exceeded.
Call log:
  - waiting for locator("a.hfpxzc").nth(39)

2025-08-12 14:03:02,717 - WARNING - ⚠️ Failed to extract listing 41: Locator.get_attribute: Timeout 30000ms exceeded.
Call log:
  - waiting for locator("a.hfpxzc").nth(40)

2025-08-12 14:03:32,729 - WARNING - ⚠️ Failed to extract listing 42: Locator.get_attribute: Timeout 30000ms exceeded.
Call log:
  - waiting for locator("a.hfpxzc").nth(41)

2025-08-12 14:04:02,814 - WARNING - ⚠️ Failed to extract listing 43: Locator.get_attribute: Timeout 30000ms exceeded.
Call log:
  - waiting for locator("a.hfpxzc").nth(42)

2025-08-12 14:04:32,832 - WARNING - ⚠️ Failed to extract listing 44: Locator.get_attribute: Timeout 30000ms exceeded.
Call log:
  - waiting for locator("a.hfpxzc").nth(43)

2025-08-12 14:05:02,860 - WARNING - ⚠️ Failed to extract listing 45: Locator.get_attribute: Timeout 30000ms exceeded.
Call log:
  - waiting for locator("a.hfpxzc").nth(44)

2025-08-12 14:05:32,880 - WARNING - ⚠️ Failed to extract listing 46: Locator.get_attribute: Timeout 30000ms exceeded.
Call log:
  - waiting for locator("a.hfpxzc").nth(45)

2025-08-12 14:06:00,738 - INFO - Starting Google Maps scraping for query: colleges in pune
2025-08-12 14:06:02,903 - WARNING - ⚠️ Failed to extract listing 47: Locator.get_attribute: Timeout 30000ms exceeded.
Call log:
  - waiting for locator("a.hfpxzc").nth(46)

2025-08-12 14:06:05,113 - INFO - Starting auto-scroll to load all results...
2025-08-12 14:06:11,163 - INFO - No more content loaded after 2 scrolls.
2025-08-12 14:06:11,163 - INFO - Auto-scroll completed.
2025-08-12 14:06:11,203 - INFO - Total cards found: 8
2025-08-12 14:06:11,385 - INFO - Scraping completed. Output saved to C:\Users\shari\scraper_project\static\colleges_in_pune_google_maps_120825_140558.csv
2025-08-12 14:38:43,513 - WARNING - ⚠️ Failed to extract listing 48: Locator.get_attribute: Timeout 30000ms exceeded.
Call log:
  - waiting for locator("a.hfpxzc").nth(47)

2025-08-12 14:39:13,523 - WARNING - ⚠️ Failed to extract listing 49: Locator.get_attribute: Timeout 30000ms exceeded.
Call log:
  - waiting for locator("a.hfpxzc").nth(48)

2025-08-12 14:47:12,312 - INFO - Navigating to https://www.google.com/maps/search/colleges+in+pune
2025-08-12 14:47:14,800 - INFO - Navigating to https://www.google.com/maps/search/colleges+in+pune
2025-08-12 14:47:24,590 - INFO - Starting auto-scroll to load all results...
2025-08-12 14:47:25,294 - INFO - Starting auto-scroll to load all results...
2025-08-12 14:47:30,799 - INFO - No more content loaded after 3 scrolls.
2025-08-12 14:47:30,800 - INFO - Auto-scroll completed.
2025-08-12 14:47:30,936 - INFO - Found 16 results in list view.
2025-08-12 14:47:30,936 - INFO - Opening result 1/16...
2025-08-12 14:47:32,244 - INFO - No more content loaded after 3 scrolls.
2025-08-12 14:47:32,244 - INFO - Auto-scroll completed.
2025-08-12 14:47:32,534 - INFO - Found 16 results in list view.
2025-08-12 14:47:32,535 - INFO - Opening result 1/16...
2025-08-12 14:47:33,745 - INFO - Opening result 2/16...
2025-08-12 14:47:36,084 - INFO - Opening result 2/16...
2025-08-12 14:47:38,326 - INFO - Opening result 3/16...
2025-08-12 14:47:38,744 - INFO - Opening result 3/16...
2025-08-12 14:47:40,874 - INFO - Opening result 4/16...
2025-08-12 14:47:41,175 - INFO - Opening result 4/16...
2025-08-12 14:47:43,156 - INFO - Opening result 5/16...
2025-08-12 14:47:44,245 - INFO - Opening result 5/16...
2025-08-12 14:47:45,889 - INFO - Opening result 6/16...
2025-08-12 14:47:47,122 - INFO - Opening result 6/16...
2025-08-12 14:47:48,418 - INFO - Opening result 7/16...
2025-08-12 14:47:49,993 - INFO - Opening result 7/16...
2025-08-12 14:47:51,371 - INFO - Opening result 8/16...
2025-08-12 14:47:53,528 - INFO - Opening result 8/16...
2025-08-12 14:47:55,096 - INFO - Opening result 9/16...
2025-08-12 14:47:56,503 - INFO - Opening result 9/16...
2025-08-12 14:47:58,359 - INFO - Opening result 10/16...
2025-08-12 14:47:59,496 - INFO - Opening result 10/16...
2025-08-12 14:48:01,258 - INFO - Opening result 11/16...
2025-08-12 14:48:02,686 - INFO - Opening result 11/16...
2025-08-12 14:48:04,748 - INFO - Opening result 12/16...
2025-08-12 14:48:05,419 - INFO - Opening result 12/16...
2025-08-12 14:48:05,830 - INFO - Navigating to https://www.google.com/maps/search/colleges+in+pune
2025-08-12 14:48:07,453 - INFO - Opening result 13/16...
2025-08-12 14:48:08,082 - INFO - Opening result 13/16...
2025-08-12 14:48:10,369 - INFO - Opening result 14/16...
2025-08-12 14:48:10,513 - INFO - Opening result 14/16...
2025-08-12 14:48:12,768 - INFO - Opening result 15/16...
2025-08-12 14:48:12,873 - INFO - Opening result 15/16...
2025-08-12 14:48:15,138 - INFO - Opening result 16/16...
2025-08-12 14:48:15,470 - INFO - Opening result 16/16...
2025-08-12 14:48:19,694 - INFO - Starting auto-scroll to load all results...
2025-08-12 14:48:21,742 - INFO - Navigating to https://www.google.com/maps/search/colleges+in+pune
2025-08-12 14:48:25,987 - INFO - No more content loaded after 3 scrolls.
2025-08-12 14:48:25,989 - INFO - Auto-scroll completed.
2025-08-12 14:48:26,132 - INFO - Found 16 results in list view.
2025-08-12 14:48:26,133 - INFO - Opening result 1/16...
2025-08-12 14:48:28,978 - INFO - Opening result 2/16...
2025-08-12 14:48:29,844 - INFO - Starting auto-scroll to load all results...
2025-08-12 14:48:31,472 - INFO - Opening result 3/16...
2025-08-12 14:48:33,834 - INFO - Opening result 4/16...
2025-08-12 14:48:35,914 - INFO - No more content loaded after 3 scrolls.
2025-08-12 14:48:35,914 - INFO - Auto-scroll completed.
2025-08-12 14:48:35,997 - INFO - Found 16 results in list view.
2025-08-12 14:48:35,997 - INFO - Opening result 1/16...
2025-08-12 14:48:36,838 - INFO - Opening result 5/16...
2025-08-12 14:48:39,057 - INFO - Opening result 2/16...
2025-08-12 14:48:39,173 - INFO - Opening result 6/16...
2025-08-12 14:48:41,635 - INFO - Opening result 7/16...
2025-08-12 14:48:41,917 - INFO - Opening result 3/16...
2025-08-12 14:48:43,951 - INFO - Opening result 8/16...
2025-08-12 14:48:44,353 - INFO - Opening result 4/16...
2025-08-12 14:48:46,652 - INFO - Opening result 9/16...
2025-08-12 14:48:46,797 - INFO - Opening result 5/16...
2025-08-12 14:48:48,980 - INFO - Opening result 10/16...
2025-08-12 14:48:49,258 - INFO - Opening result 6/16...
2025-08-12 14:48:51,291 - INFO - Opening result 11/16...
2025-08-12 14:48:51,909 - INFO - Opening result 7/16...
2025-08-12 14:48:53,938 - INFO - Opening result 12/16...
2025-08-12 14:48:54,269 - INFO - Opening result 8/16...
2025-08-12 14:48:56,531 - INFO - Opening result 13/16...
2025-08-12 14:48:56,626 - INFO - Opening result 9/16...
2025-08-12 14:48:58,949 - INFO - Opening result 14/16...
2025-08-12 14:48:59,123 - INFO - Opening result 10/16...
2025-08-12 14:49:01,166 - INFO - Opening result 15/16...
2025-08-12 14:49:01,316 - INFO - Scraping completed. Output saved to C:\Users\shari\scraper_project\static\colleges_in_pune_google_maps_120825_144709.csv
2025-08-12 14:49:01,383 - INFO - Opening result 11/16...
2025-08-12 14:49:03,649 - INFO - Opening result 16/16...
2025-08-12 14:49:04,172 - INFO - Opening result 12/16...
2025-08-12 14:49:07,019 - INFO - Opening result 13/16...
2025-08-12 14:49:09,517 - INFO - Opening result 14/16...
2025-08-12 14:49:09,726 - INFO - Scraping completed. Output saved to C:\Users\shari\scraper_project\static\colleges_in_pune_google_maps_120825_144647.csv
2025-08-12 14:49:11,763 - INFO - Opening result 15/16...
2025-08-12 14:49:14,038 - INFO - Opening result 16/16...
2025-08-12 14:49:14,143 - INFO - Scraping completed. Output saved to C:\Users\shari\scraper_project\static\colleges_in_pune_google_maps_120825_144724.csv
2025-08-12 14:49:17,030 - INFO - Scraping completed. Output saved to C:\Users\shari\scraper_project\static\colleges_in_pune_google_maps_120825_144755.csv
2025-08-12 14:52:09,858 - INFO - Navigating to https://www.google.com/maps/search/temples
2025-08-12 14:52:13,112 - INFO - Starting auto-scroll to load all results...
2025-08-12 14:52:31,427 - INFO - No more content loaded after 9 scrolls.
2025-08-12 14:52:31,427 - INFO - Auto-scroll completed.
2025-08-12 14:52:31,492 - INFO - Found 46 results in list view.
2025-08-12 14:52:31,493 - INFO - Opening result 1/46...
2025-08-12 14:52:33,763 - INFO - Opening result 2/46...
2025-08-12 14:52:35,940 - INFO - Opening result 3/46...
2025-08-12 14:52:38,162 - INFO - Opening result 4/46...
2025-08-12 14:52:40,387 - INFO - Opening result 5/46...
2025-08-12 14:52:42,717 - INFO - Opening result 6/46...
2025-08-12 14:52:45,024 - INFO - Opening result 7/46...
2025-08-12 14:52:47,297 - INFO - Opening result 8/46...
2025-08-12 14:52:49,583 - INFO - Opening result 9/46...
2025-08-12 14:52:51,816 - INFO - Opening result 10/46...
2025-08-12 14:52:53,951 - INFO - Opening result 11/46...
2025-08-12 14:52:56,166 - INFO - Opening result 12/46...
2025-08-12 14:52:58,539 - INFO - Opening result 13/46...
2025-08-12 14:53:00,775 - INFO - Opening result 14/46...
2025-08-12 14:53:02,978 - INFO - Opening result 15/46...
2025-08-12 14:53:05,336 - INFO - Opening result 16/46...
2025-08-12 14:53:07,520 - INFO - Opening result 17/46...
2025-08-12 14:53:09,704 - INFO - Opening result 18/46...
2025-08-12 14:53:11,947 - INFO - Opening result 19/46...
2025-08-12 14:53:14,200 - INFO - Opening result 20/46...
2025-08-12 14:53:16,510 - INFO - Opening result 21/46...
2025-08-12 14:53:18,826 - INFO - Opening result 22/46...
2025-08-12 14:53:21,041 - INFO - Opening result 23/46...
2025-08-12 14:53:23,257 - INFO - Opening result 24/46...
2025-08-12 14:53:25,568 - INFO - Opening result 25/46...
2025-08-12 14:53:27,857 - INFO - Opening result 26/46...
2025-08-12 14:53:30,200 - INFO - Opening result 27/46...
2025-08-12 14:53:32,578 - INFO - Opening result 28/46...
2025-08-12 14:53:34,959 - INFO - Opening result 29/46...
2025-08-12 14:53:37,286 - INFO - Opening result 30/46...
2025-08-12 14:53:39,450 - INFO - Opening result 31/46...
2025-08-12 14:53:41,692 - INFO - Opening result 32/46...
2025-08-12 14:53:43,954 - INFO - Opening result 33/46...
2025-08-12 14:53:46,134 - INFO - Opening result 34/46...
2025-08-12 14:53:48,358 - INFO - Opening result 35/46...
2025-08-12 14:53:50,475 - INFO - Opening result 36/46...
2025-08-12 14:53:52,643 - INFO - Opening result 37/46...
2025-08-12 14:53:54,863 - INFO - Opening result 38/46...
2025-08-12 14:53:57,152 - INFO - Opening result 39/46...
2025-08-12 14:53:59,446 - INFO - Opening result 40/46...
2025-08-12 14:54:01,684 - INFO - Opening result 41/46...
2025-08-12 14:54:03,901 - INFO - Opening result 42/46...
2025-08-12 14:54:06,083 - INFO - Opening result 43/46...
2025-08-12 14:54:08,243 - INFO - Opening result 44/46...
2025-08-12 14:54:10,751 - INFO - Opening result 45/46...
2025-08-12 14:54:12,915 - INFO - Opening result 46/46...
2025-08-12 14:54:15,471 - INFO - Scraping completed. Output saved to C:\Users\shari\scraper_project\static\temples_google_maps_120825_145146.csv
2025-08-12 14:56:56,784 - INFO - Searching Google Maps for: colleges in pune
2025-08-12 14:56:57,867 - INFO - Searching Google Maps for: colleges in pune
2025-08-12 14:57:00,428 - INFO - Starting auto-scroll to load all results...
2025-08-12 14:57:02,328 - INFO - Starting auto-scroll to load all results...
2025-08-12 14:57:06,650 - INFO - No more content loaded after 3 scrolls.
2025-08-12 14:57:06,650 - INFO - Auto-scroll completed.
2025-08-12 14:57:06,720 - INFO - Found 0 search results.
2025-08-12 14:57:06,720 - WARNING - No data found.
2025-08-12 14:57:08,396 - INFO - No more content loaded after 3 scrolls.
2025-08-12 14:57:08,397 - INFO - Auto-scroll completed.
2025-08-12 14:57:08,431 - INFO - Found 0 search results.
2025-08-12 14:57:08,431 - WARNING - No data found.
2025-08-12 14:57:18,285 - INFO - Searching Google Maps for: colleges in pune
2025-08-12 14:57:21,849 - INFO - Starting auto-scroll to load all results...
2025-08-12 14:57:27,905 - INFO - No more content loaded after 3 scrolls.
2025-08-12 14:57:27,905 - INFO - Auto-scroll completed.
2025-08-12 14:57:27,961 - INFO - Found 0 search results.
2025-08-12 14:57:27,961 - WARNING - No data found.
2025-08-12 15:03:08,011 - INFO - Navigating to https://www.google.com/maps/search/temples
2025-08-12 15:03:11,346 - INFO - Starting auto-scroll to load all results...
2025-08-12 15:03:29,694 - INFO - No more content loaded after 9 scrolls.
2025-08-12 15:03:29,695 - INFO - Auto-scroll completed.
2025-08-12 15:03:29,778 - INFO - Found 46 results in list view.
2025-08-12 15:03:29,779 - INFO - Opening result 1/46...
2025-08-12 15:03:33,243 - INFO - Opening result 2/46...
2025-08-12 15:03:35,765 - INFO - Opening result 3/46...
2025-08-12 15:03:38,184 - INFO - Opening result 4/46...
2025-08-12 15:03:40,647 - INFO - Opening result 5/46...
2025-08-12 15:03:43,162 - INFO - Opening result 6/46...
2025-08-12 15:03:45,788 - INFO - Opening result 7/46...
2025-08-12 15:03:48,357 - INFO - Opening result 8/46...
2025-08-12 15:03:51,037 - INFO - Opening result 9/46...
2025-08-12 15:03:53,626 - INFO - Opening result 10/46...
2025-08-12 15:03:56,022 - INFO - Opening result 11/46...
2025-08-12 15:03:58,294 - INFO - Opening result 12/46...
2025-08-12 15:04:00,454 - INFO - Opening result 13/46...
2025-08-12 15:04:02,661 - INFO - Opening result 14/46...
2025-08-12 15:04:04,822 - INFO - Opening result 15/46...
2025-08-12 15:04:07,055 - INFO - Opening result 16/46...
2025-08-12 15:04:09,216 - INFO - Opening result 17/46...
2025-08-12 15:04:11,393 - INFO - Opening result 18/46...
2025-08-12 15:04:13,645 - INFO - Opening result 19/46...
2025-08-12 15:04:15,829 - INFO - Opening result 20/46...
2025-08-12 15:04:18,054 - INFO - Opening result 21/46...
2025-08-12 15:04:20,269 - INFO - Opening result 22/46...
2025-08-12 15:04:22,588 - INFO - Opening result 23/46...
2025-08-12 15:04:24,737 - INFO - Opening result 24/46...
2025-08-12 15:04:26,902 - INFO - Opening result 25/46...
2025-08-12 15:04:29,200 - INFO - Opening result 26/46...
2025-08-12 15:04:31,475 - INFO - Opening result 27/46...
2025-08-12 15:04:33,735 - INFO - Opening result 28/46...
2025-08-12 15:04:35,896 - INFO - Opening result 29/46...
2025-08-12 15:04:38,151 - INFO - Opening result 30/46...
2025-08-12 15:04:40,298 - INFO - Opening result 31/46...
2025-08-12 15:04:42,466 - INFO - Opening result 32/46...
2025-08-12 15:04:44,680 - INFO - Opening result 33/46...
2025-08-12 15:04:46,933 - INFO - Opening result 34/46...
2025-08-12 15:04:49,080 - INFO - Opening result 35/46...
2025-08-12 15:04:51,264 - INFO - Opening result 36/46...
2025-08-12 15:04:53,484 - INFO - Opening result 37/46...
2025-08-12 15:04:55,696 - INFO - Opening result 38/46...
2025-08-12 15:04:57,904 - INFO - Opening result 39/46...
2025-08-12 15:05:00,051 - INFO - Opening result 40/46...
2025-08-12 15:05:02,202 - INFO - Opening result 41/46...
2025-08-12 15:05:04,538 - INFO - Opening result 42/46...
2025-08-12 15:05:06,957 - INFO - Opening result 43/46...
2025-08-12 15:05:09,289 - INFO - Opening result 44/46...
2025-08-12 15:05:11,635 - INFO - Opening result 45/46...
2025-08-12 15:05:13,900 - INFO - Opening result 46/46...
2025-08-12 15:05:16,217 - INFO - Scraping completed. Output saved to C:\Users\shari\scraper_project\static\temples_google_maps_120825_150304.csv
2025-08-12 15:06:40,173 - INFO - Navigating to https://www.google.com/maps/search/temples
2025-08-12 15:06:43,313 - INFO - Starting auto-scroll to load all results...
2025-08-12 15:07:01,483 - INFO - No more content loaded after 9 scrolls.
2025-08-12 15:07:01,483 - INFO - Auto-scroll completed.
2025-08-12 15:07:01,530 - INFO - Found 46 results in list view.
2025-08-12 15:07:01,530 - INFO - Opening result 1/5...
2025-08-12 15:07:03,756 - INFO - Opening result 2/5...
2025-08-12 15:07:05,892 - INFO - Opening result 3/5...
2025-08-12 15:07:08,289 - INFO - Opening result 4/5...
2025-08-12 15:07:10,563 - INFO - Opening result 5/5...
2025-08-12 15:07:13,277 - INFO - Scraping completed. Output saved to C:\Users\shari\scraper_project\static\temples_google_maps_120825_150635.csv
2025-08-12 15:09:01,880 - INFO - Navigating to https://www.google.com/maps/search/temples
2025-08-12 15:09:04,352 - INFO - Starting auto-scroll to load all results...
2025-08-12 15:09:22,607 - INFO - No more content loaded after 9 scrolls.
2025-08-12 15:09:22,607 - INFO - Auto-scroll completed.
2025-08-12 15:09:22,690 - INFO - Found 46 results in list view.
2025-08-12 15:09:22,691 - INFO - Opening result 1/5...
2025-08-12 15:09:26,039 - INFO - Opening result 2/5...
2025-08-12 15:09:28,507 - INFO - Opening result 3/5...
2025-08-12 15:09:30,955 - INFO - Opening result 4/5...
2025-08-12 15:09:33,560 - INFO - Opening result 5/5...
2025-08-12 15:09:36,351 - INFO - Scraping completed. Output saved to C:\Users\shari\scraper_project\static\temples_google_maps_120825_150857.csv
2025-08-12 15:11:04,720 - INFO - Navigating to https://www.google.com/maps/search/farms+in+delhi
2025-08-12 15:11:07,478 - INFO - Starting auto-scroll to load all results...
2025-08-12 15:11:11,521 - INFO - No more content loaded after 2 scrolls.
2025-08-12 15:11:11,522 - INFO - Auto-scroll completed.
2025-08-12 15:11:11,589 - INFO - Found 16 results in list view.
2025-08-12 15:11:11,589 - INFO - Opening result 1/10...
2025-08-12 15:11:13,978 - INFO - Opening result 2/10...
2025-08-12 15:11:16,286 - INFO - Opening result 3/10...
2025-08-12 15:11:18,524 - INFO - Opening result 4/10...
2025-08-12 15:11:20,775 - INFO - Opening result 5/10...
2025-08-12 15:11:23,025 - INFO - Opening result 6/10...
2025-08-12 15:11:25,371 - INFO - Opening result 7/10...
2025-08-12 15:11:27,747 - INFO - Opening result 8/10...
2025-08-12 15:11:29,944 - INFO - Opening result 9/10...
2025-08-12 15:11:32,119 - INFO - Opening result 10/10...
2025-08-12 15:11:34,420 - INFO - Scraping completed. Output saved to C:\Users\shari\scraper_project\static\farms_in_delhi_google_maps_120825_151101.csv
2025-08-12 15:12:15,659 - INFO - Navigating to https://www.google.com/maps/search/temples
2025-08-12 15:12:18,525 - INFO - Starting auto-scroll to load all results...
2025-08-12 15:12:36,719 - INFO - No more content loaded after 9 scrolls.
2025-08-12 15:12:36,720 - INFO - Auto-scroll completed.
2025-08-12 15:12:36,806 - INFO - Found 46 results in list view.
2025-08-12 15:12:36,807 - INFO - Opening result 1/46...
2025-08-12 15:12:40,847 - INFO - Opening result 2/46...
2025-08-12 15:12:43,115 - INFO - Opening result 3/46...
2025-08-12 15:12:45,829 - INFO - Opening result 4/46...
2025-08-12 15:12:48,024 - INFO - Opening result 5/46...
2025-08-12 15:12:50,275 - INFO - Opening result 6/46...
2025-08-12 15:12:52,617 - INFO - Opening result 7/46...
2025-08-12 15:12:55,052 - INFO - Opening result 8/46...
2025-08-12 15:12:57,681 - INFO - Opening result 9/46...
2025-08-12 15:13:00,123 - INFO - Opening result 10/46...
2025-08-12 15:13:02,518 - INFO - Opening result 11/46...
2025-08-12 15:13:04,815 - INFO - Opening result 12/46...
2025-08-12 15:13:07,180 - INFO - Opening result 13/46...
2025-08-12 15:13:09,591 - INFO - Opening result 14/46...
2025-08-12 15:13:11,828 - INFO - Opening result 15/46...
2025-08-12 15:13:14,217 - INFO - Opening result 16/46...
2025-08-12 15:13:16,717 - INFO - Opening result 17/46...
2025-08-12 15:13:18,916 - INFO - Opening result 18/46...
2025-08-12 15:13:21,131 - INFO - Opening result 19/46...
2025-08-12 15:13:23,582 - INFO - Opening result 20/46...
2025-08-12 15:13:26,098 - INFO - Opening result 21/46...
2025-08-12 15:13:28,501 - INFO - Opening result 22/46...
2025-08-12 15:13:30,822 - INFO - Opening result 23/46...
2025-08-12 15:13:33,292 - INFO - Opening result 24/46...
2025-08-12 15:13:35,607 - INFO - Opening result 25/46...
2025-08-12 15:13:38,077 - INFO - Opening result 26/46...
2025-08-12 15:13:40,358 - INFO - Opening result 27/46...
2025-08-12 15:13:42,885 - INFO - Opening result 28/46...
2025-08-12 15:13:45,292 - INFO - Opening result 29/46...
2025-08-12 15:13:47,541 - INFO - Opening result 30/46...
2025-08-12 15:13:49,861 - INFO - Opening result 31/46...
2025-08-12 15:13:52,020 - INFO - Opening result 32/46...
2025-08-12 15:13:54,224 - INFO - Opening result 33/46...
2025-08-12 15:13:56,463 - INFO - Opening result 34/46...
2025-08-12 15:13:58,646 - INFO - Opening result 35/46...
2025-08-12 15:14:00,858 - INFO - Opening result 36/46...
2025-08-12 15:14:03,010 - INFO - Opening result 37/46...
2025-08-12 15:14:05,274 - INFO - Opening result 38/46...
2025-08-12 15:14:07,648 - INFO - Opening result 39/46...
2025-08-12 15:14:09,940 - INFO - Opening result 40/46...
2025-08-12 15:14:12,102 - INFO - Opening result 41/46...
2025-08-12 15:14:14,511 - INFO - Opening result 42/46...
2025-08-12 15:14:16,791 - INFO - Opening result 43/46...
2025-08-12 15:14:19,129 - INFO - Opening result 44/46...
2025-08-12 15:14:21,402 - INFO - Opening result 45/46...
2025-08-12 15:14:23,814 - INFO - Opening result 46/46...
2025-08-12 15:14:26,300 - INFO - Scraping completed. Output saved to C:\Users\shari\scraper_project\static\temples_google_maps_120825_151212.csv
2025-08-12 15:18:35,848 - INFO - Navigating to https://www.google.com/maps/search/temples
2025-08-12 15:18:38,541 - INFO - Starting auto-scroll to load all results...
2025-08-12 15:18:56,804 - INFO - No more content loaded after 9 scrolls.
2025-08-12 15:18:56,804 - INFO - Auto-scroll completed.
2025-08-12 15:18:56,889 - INFO - Found 46 results in list view.
2025-08-12 15:18:56,889 - INFO - Opening result 1/46...
2025-08-12 15:19:00,862 - INFO - Opening result 2/46...
2025-08-12 15:19:03,299 - INFO - Opening result 3/46...
2025-08-12 15:19:05,846 - INFO - Opening result 4/46...
2025-08-12 15:19:08,373 - INFO - Opening result 5/46...
2025-08-12 15:19:11,008 - INFO - Opening result 6/46...
2025-08-12 15:19:13,431 - INFO - Opening result 7/46...
2025-08-12 15:19:15,913 - INFO - Opening result 8/46...
2025-08-12 15:19:18,666 - INFO - Opening result 9/46...
2025-08-12 15:19:20,903 - INFO - Opening result 10/46...
2025-08-12 15:19:23,173 - INFO - Opening result 11/46...
2025-08-12 15:19:25,474 - INFO - Opening result 12/46...
2025-08-12 15:19:27,946 - INFO - Opening result 13/46...
2025-08-12 15:19:30,162 - INFO - Opening result 14/46...
2025-08-12 15:19:32,504 - INFO - Opening result 15/46...
2025-08-12 15:19:34,935 - INFO - Opening result 16/46...
2025-08-12 15:19:37,428 - INFO - Opening result 17/46...
2025-08-12 15:19:39,942 - INFO - Opening result 18/46...
2025-08-12 15:19:42,158 - INFO - Opening result 19/46...
2025-08-12 15:19:44,474 - INFO - Opening result 20/46...
2025-08-12 15:19:46,796 - INFO - Opening result 21/46...
2025-08-12 15:19:49,312 - INFO - Opening result 22/46...
2025-08-12 15:19:51,741 - INFO - Opening result 23/46...
2025-08-12 15:19:54,026 - INFO - Opening result 24/46...
2025-08-12 15:19:56,534 - INFO - Opening result 25/46...
2025-08-12 15:19:58,749 - INFO - Opening result 26/46...
2025-08-12 15:20:01,038 - INFO - Opening result 27/46...
2025-08-12 15:20:03,458 - INFO - Opening result 28/46...
2025-08-12 15:20:06,168 - INFO - Opening result 29/46...
2025-08-12 15:20:08,955 - INFO - Opening result 30/46...
2025-08-12 15:20:11,328 - INFO - Opening result 31/46...
2025-08-12 15:20:13,891 - INFO - Opening result 32/46...
2025-08-12 15:20:16,147 - INFO - Opening result 33/46...
2025-08-12 15:20:18,442 - INFO - Opening result 34/46...
2025-08-12 15:20:20,665 - INFO - Opening result 35/46...
2025-08-12 15:20:22,913 - INFO - Opening result 36/46...
2025-08-12 15:20:25,158 - INFO - Opening result 37/46...
2025-08-12 15:20:27,402 - INFO - Opening result 38/46...
2025-08-12 15:20:29,640 - INFO - Opening result 39/46...
2025-08-12 15:20:32,124 - INFO - Opening result 40/46...
2025-08-12 15:20:34,364 - INFO - Opening result 41/46...
2025-08-12 15:20:36,634 - INFO - Opening result 42/46...
2025-08-12 15:20:38,886 - INFO - Opening result 43/46...
2025-08-12 15:20:41,406 - INFO - Opening result 44/46...
2025-08-12 15:20:43,931 - INFO - Opening result 45/46...
2025-08-12 15:20:46,306 - INFO - Opening result 46/46...
2025-08-12 15:20:49,176 - INFO - Scraping completed. Output saved to C:\Users\shari\scraper_project\static\temples_google_maps_120825_151832.csv
2025-08-12 15:23:28,574 - INFO - Navigating to https://www.google.com/maps/search/temples
2025-08-12 15:23:32,140 - INFO - Starting auto-scroll to load all results...
2025-08-12 15:23:50,306 - INFO - No more content loaded after 9 scrolls.
2025-08-12 15:23:50,306 - INFO - Auto-scroll completed.
2025-08-12 15:23:50,356 - INFO - Found 46 results in list view.
2025-08-12 15:23:50,356 - INFO - Opening result 1/46...
2025-08-12 15:23:52,592 - INFO - Opening result 2/46...
2025-08-12 15:23:54,760 - INFO - Opening result 3/46...
2025-08-12 15:23:56,942 - INFO - Opening result 4/46...
2025-08-12 15:23:59,198 - INFO - Opening result 5/46...
2025-08-12 15:24:01,437 - INFO - Opening result 6/46...
2025-08-12 15:24:03,689 - INFO - Opening result 7/46...
2025-08-12 15:24:06,031 - INFO - Opening result 8/46...
2025-08-12 15:24:08,254 - INFO - Opening result 9/46...
2025-08-12 15:24:10,434 - INFO - Opening result 10/46...
2025-08-12 15:24:12,589 - INFO - Opening result 11/46...
2025-08-12 15:24:15,033 - INFO - Opening result 12/46...
2025-08-12 15:24:17,228 - INFO - Opening result 13/46...
2025-08-12 15:24:19,535 - INFO - Opening result 14/46...
2025-08-12 15:24:21,725 - INFO - Opening result 15/46...
2025-08-12 15:24:23,885 - INFO - Opening result 16/46...
2025-08-12 15:24:26,120 - INFO - Opening result 17/46...
2025-08-12 15:24:28,408 - INFO - Opening result 18/46...
2025-08-12 15:24:30,689 - INFO - Opening result 19/46...
2025-08-12 15:24:33,053 - INFO - Opening result 20/46...
2025-08-12 15:24:35,217 - INFO - Opening result 21/46...
2025-08-12 15:24:37,382 - INFO - Opening result 22/46...
2025-08-12 15:24:39,597 - INFO - Opening result 23/46...
2025-08-12 15:24:41,762 - INFO - Opening result 24/46...
2025-08-12 15:24:43,930 - INFO - Opening result 25/46...
2025-08-12 15:24:46,222 - INFO - Opening result 26/46...
2025-08-12 15:24:48,443 - INFO - Opening result 27/46...
2025-08-12 15:24:50,909 - INFO - Opening result 28/46...
2025-08-12 15:24:53,093 - INFO - Opening result 29/46...
2025-08-12 15:24:55,410 - INFO - Opening result 30/46...
2025-08-12 15:24:57,880 - INFO - Opening result 31/46...
2025-08-12 15:25:00,258 - INFO - Opening result 32/46...
2025-08-12 15:25:02,571 - INFO - Opening result 33/46...
2025-08-12 15:25:05,032 - INFO - Opening result 34/46...
2025-08-12 15:25:07,332 - INFO - Opening result 35/46...
2025-08-12 15:25:09,968 - INFO - Opening result 36/46...
2025-08-12 15:25:12,267 - INFO - Opening result 37/46...
2025-08-12 15:25:14,647 - INFO - Opening result 38/46...
2025-08-12 15:25:17,189 - INFO - Opening result 39/46...
2025-08-12 15:25:19,411 - INFO - Opening result 40/46...
2025-08-12 15:25:21,698 - INFO - Opening result 41/46...
2025-08-12 15:25:24,223 - INFO - Opening result 42/46...
2025-08-12 15:25:26,483 - INFO - Opening result 43/46...
2025-08-12 15:25:28,738 - INFO - Opening result 44/46...
2025-08-12 15:25:31,008 - INFO - Opening result 45/46...
2025-08-12 15:25:33,460 - INFO - Opening result 46/46...
2025-08-12 15:25:36,404 - INFO - Scraping completed. Output saved to C:\Users\shari\scraper_project\static\temples_google_maps_120825_152324.csv
2025-08-12 15:30:56,791 - INFO - Navigating to https://www.google.com/maps/search/colleges+in+pune
2025-08-12 15:31:00,132 - INFO - Starting auto-scroll to load all results...
2025-08-12 15:31:06,201 - INFO - No more content loaded after 3 scrolls.
2025-08-12 15:31:06,202 - INFO - Auto-scroll completed.
2025-08-12 15:31:06,248 - INFO - Found 16 results in list view.
2025-08-12 15:31:06,248 - INFO - Opening result 1/16...
2025-08-12 15:31:08,515 - INFO - Opening result 2/16...
2025-08-12 15:31:10,848 - INFO - Opening result 3/16...
2025-08-12 15:31:13,022 - INFO - Opening result 4/16...
2025-08-12 15:31:15,231 - INFO - Opening result 5/16...
2025-08-12 15:31:17,459 - INFO - Opening result 6/16...
2025-08-12 15:31:19,660 - INFO - Opening result 7/16...
2025-08-12 15:31:21,819 - INFO - Opening result 8/16...
2025-08-12 15:31:24,080 - INFO - Opening result 9/16...
2025-08-12 15:31:26,326 - INFO - Opening result 10/16...
2025-08-12 15:31:28,507 - INFO - Opening result 11/16...
2025-08-12 15:31:30,716 - INFO - Opening result 12/16...
2025-08-12 15:31:32,916 - INFO - Opening result 13/16...
2025-08-12 15:31:35,181 - INFO - Opening result 14/16...
2025-08-12 15:31:37,432 - INFO - Opening result 15/16...
2025-08-12 15:31:39,607 - INFO - Opening result 16/16...
2025-08-12 15:31:42,420 - INFO - Scraping completed. Output saved to C:\Users\shari\scraper_project\static\colleges_in_pune_google_maps_120825_153053.csv
2025-08-12 15:32:19,887 - INFO - Navigating to https://www.google.com/maps/search/hospitals
2025-08-12 15:32:22,893 - INFO - Starting auto-scroll to load all results...
2025-08-12 15:32:28,989 - INFO - No more content loaded after 3 scrolls.
2025-08-12 15:32:28,990 - INFO - Auto-scroll completed.
2025-08-12 15:32:29,067 - INFO - Found 16 results in list view.
2025-08-12 15:32:29,067 - INFO - Opening result 1/16...
2025-08-12 15:32:32,604 - INFO - Opening result 2/16...
2025-08-12 15:32:34,787 - INFO - Opening result 3/16...
2025-08-12 15:32:37,138 - INFO - Opening result 4/16...
2025-08-12 15:32:39,492 - INFO - Opening result 5/16...
2025-08-12 15:32:41,965 - INFO - Opening result 6/16...
2025-08-12 15:32:44,127 - INFO - Opening result 7/16...
2025-08-12 15:32:46,414 - INFO - Opening result 8/16...
2025-08-12 15:32:48,651 - INFO - Opening result 9/16...
2025-08-12 15:32:50,792 - INFO - Opening result 10/16...
2025-08-12 15:32:53,017 - INFO - Opening result 11/16...
2025-08-12 15:32:55,198 - INFO - Opening result 12/16...
2025-08-12 15:32:57,383 - INFO - Opening result 13/16...
2025-08-12 15:32:59,578 - INFO - Opening result 14/16...
2025-08-12 15:33:01,758 - INFO - Opening result 15/16...
2025-08-12 15:33:03,938 - INFO - Opening result 16/16...
2025-08-12 15:33:06,401 - INFO - Scraping completed. Output saved to C:\Users\shari\scraper_project\static\hospitals_google_maps_120825_153216.csv
