2025-08-11 18:19:55,162 - INFO - Running IndiaMART scraper for: speakers
2025-08-11 18:19:55,163 - INFO - Limit: 15
2025-08-11 18:19:55,163 - INFO - Opening URL: https://dir.indiamart.com/search.mp?ss=speakers
2025-08-11 18:19:58,214 - INFO - Screenshot saved to: C:\Users\shari\scraper_project\static\indiamart_debug.png
2025-08-11 18:19:58,214 - INFO - Starting auto-scroll to load all results...
2025-08-11 18:20:04,280 - INFO - No more content loaded after 2 scrolls.
2025-08-11 18:20:04,280 - INFO - Auto-scroll completed.
2025-08-11 18:20:04,314 - INFO - Found 20 cards on current scroll.
2025-08-11 18:20:05,436 - INFO - Total extracted: 20 records
2025-08-11 18:20:05,436 - INFO - Limit applied: 15 → Returning 15 records.
2025-08-11 18:20:05,436 - INFO - Saving to CSV: C:\Users\shari\scraper_project\static\speakers_indiamart_110825_181953.csv
2025-08-11 18:20:05,438 - INFO - Saved 15 records to C:\Users\shari\scraper_project\static\speakers_indiamart_110825_181953.csv
2025-08-11 18:20:05,687 - INFO - Scraping completed with 15 results.
2025-08-12 09:55:37,206 - INFO - Running IndiaMART scraper for: speakers
2025-08-12 09:55:37,231 - INFO - Limit: None
2025-08-12 09:55:37,231 - INFO - Opening URL: https://dir.indiamart.com/search.mp?ss=speakers
2025-08-12 09:55:41,468 - INFO - Screenshot saved to: C:\Users\shari\scraper_project\static\indiamart_debug.png
2025-08-12 09:55:41,469 - INFO - Starting auto-scroll to load all results...
2025-08-12 09:55:47,503 - INFO - Running IndiaMART scraper for: speakers
2025-08-12 09:55:47,504 - INFO - Limit: None
2025-08-12 09:55:47,504 - INFO - Opening URL: https://dir.indiamart.com/search.mp?ss=speakers
2025-08-12 09:55:47,760 - INFO - No more content loaded after 2 scrolls.
2025-08-12 09:55:47,760 - INFO - Auto-scroll completed.
2025-08-12 09:55:47,818 - INFO - Found 20 cards on current scroll.
2025-08-12 09:55:50,056 - INFO - Total extracted: 20 records
2025-08-12 09:55:50,056 - INFO - No limit given — returning all 20 results.
2025-08-12 09:55:50,056 - INFO - Saving to CSV: C:\Users\shari\scraper_project\static\speakers_indiamart_120825_095533.csv
2025-08-12 09:55:50,058 - INFO - Saved 20 records to C:\Users\shari\scraper_project\static\speakers_indiamart_120825_095533.csv
2025-08-12 09:55:52,356 - INFO - Screenshot saved to: C:\Users\shari\scraper_project\static\indiamart_debug.png
2025-08-12 09:55:52,356 - INFO - Starting auto-scroll to load all results...
2025-08-12 09:55:52,965 - INFO - Scraping completed with 20 results.
2025-08-12 09:55:58,495 - INFO - No more content loaded after 2 scrolls.
2025-08-12 09:55:58,496 - INFO - Auto-scroll completed.
2025-08-12 09:55:58,568 - INFO - Found 20 cards on current scroll.
2025-08-12 09:56:00,437 - INFO - Total extracted: 20 records
2025-08-12 09:56:00,437 - INFO - No limit given — returning all 20 results.
2025-08-12 09:56:00,437 - INFO - Saving to CSV: C:\Users\shari\scraper_project\static\speakers_indiamart_120825_095540.csv
2025-08-12 09:56:00,440 - INFO - Saved 20 records to C:\Users\shari\scraper_project\static\speakers_indiamart_120825_095540.csv
2025-08-12 09:56:00,749 - INFO - Scraping completed with 20 results.
2025-08-12 09:56:22,314 - INFO - Running IndiaMART scraper for: speakers
2025-08-12 09:56:22,314 - INFO - Limit: None
2025-08-12 09:56:22,314 - INFO - Opening URL: https://dir.indiamart.com/search.mp?ss=speakers
2025-08-12 09:56:26,469 - INFO - Screenshot saved to: C:\Users\shari\scraper_project\static\indiamart_debug.png
2025-08-12 09:56:26,469 - INFO - Starting auto-scroll to load all results...
2025-08-12 09:56:32,686 - INFO - No more content loaded after 2 scrolls.
2025-08-12 09:56:32,687 - INFO - Auto-scroll completed.
2025-08-12 09:56:32,762 - INFO - Found 20 cards on current scroll.
2025-08-12 09:56:34,917 - INFO - Total extracted: 20 records
2025-08-12 09:56:34,917 - INFO - No limit given — returning all 20 results.
2025-08-12 09:56:34,917 - INFO - Saving to CSV: C:\Users\shari\scraper_project\static\speakers_indiamart_120825_095618.csv
2025-08-12 09:56:34,920 - INFO - Saved 20 records to C:\Users\shari\scraper_project\static\speakers_indiamart_120825_095618.csv
2025-08-12 09:56:35,216 - INFO - Scraping completed with 20 results.
